[22: 41: 14] Starting new AI battle
    [22: 41: 14] Pause snapshot: round = 0, turn = 0, phase = initHands, resumable = true[22: 41: 14] Pause snapshot: round = 0, turn = 0, phase = initHands, resumable = false[22: 41: 14] AI switchHands - > removed 1 cards[22: 41: 23] Pause snapshot: round = 0, turn = 0, phase = initActives, resumable = true[22: 41: 23] AI chooseActive - > -500034[22: 41: 30] Pause snapshot: round = 0, turn = 0, phase = initActives, resumable = false[22: 41: 30] Pause snapshot: round = 0, turn = 0, phase = initActives, resumable = false[22: 41: 30] Pause snapshot: round = 0, turn = 0, phase = initActives, resumable = false[22: 41: 30] Pause snapshot: round = 1, turn = 0, phase = roll, resumable = true[22: 41: 30] AI rerollDice - > reroll 0 dice[22: 41: 38] Pause snapshot: round = 1, turn = 0, phase = action, resumable = false[22: 41: 38] Pause snapshot: round = 1, turn = 0, phase = action, resumable = true[22: 41: 48] Pause snapshot: round = 1, turn = 0, phase = action, resumable = true[22: 41: 55] Pause snapshot: round = 1, turn = 0, phase = action, resumable = true[22: 41: 59] Pause snapshot: round = 1, turn = 0, phase = action, resumable = true[22: 42: 01] Pause snapshot: round = 1, turn = 1, phase = action, resumable = true[22: 42: 01] AI action request: 12 legal actions[22: 42: 04] AI chose playCard(321017) with[8].ISMCTS selected playCard(321017);
selected visits = 59, mean = 2.344, det = 5, simPerDet = 36. #1 playCard(321017) (visits= 59, mean = 2.344);
#2 playCard(321017) (visits= 45, mean = 2.665);
#3 playCard(332006) (visits= 42, mean = 1.664)[22: 42: 04] Pause snapshot: round = 1, turn = 1, phase = action, resumable = true[22: 42: 04] AI action request: 11 legal actions[22: 42: 07] AI chose playCard(330008) with[].ISMCTS selected playCard(330008);
selected visits = 85, mean = 1.228, det = 5, simPerDet = 36. #1 playCard(330008) (visits= 85, mean = 1.228);
#2 playCard(332006) (visits= 59, mean = 2.384);
#3 playCard(321017) (visits= 36, mean = 0.170)[22: 42: 07] Pause snapshot: round = 1, turn = 1, phase = action, resumable = true[22: 42: 07] AI action request: 10 legal actions[22: 42: 10] AI chose playCard(321017) with[8].ISMCTS selected playCard(321017);
selected visits = 136, mean = 1.688, det = 5, simPerDet = 36. #1 playCard(321017) (visits= 136, mean = 1.688);
#2 playCard(332006) (visits= 44, mean = 1.934)[22: 42: 10] Pause snapshot: round = 1, turn = 1, phase = action, resumable = true[22: 42: 10] AI action request: 9 legal actions[22: 42: 13] AI chose playCard(332006) with[].ISMCTS selected playCard(332006);
selected visits = 180, mean = 0.925, det = 5, simPerDet = 36. #1 playCard(332006) (visits= 180, mean = 0.925)[22: 42: 13] Pause snapshot: round = 1, turn = 1, phase = action, resumable = true[22: 42: 13] AI action request: 8 legal actions[22: 42: 14] AI chose switchActive(2304) with[8].ISMCTS selected switchActive(2304);
selected visits = 0, mean = 0.000, det = 5, simPerDet = 36. #1 switchActive(2304) (visits= 0, mean = 0.000);
#2 switchActive(1404) (visits= 0, mean = 0.000);
#3 declareEnd (visits= 0, mean = 0.000)[22: 42: 14] Pause snapshot: round = 1, turn = 1, phase = action, resumable = true[22: 42: 15] AI action request: 8 legal actions[22: 42: 17] AI chose switchActive(1311) with[8].ISMCTS selected switchActive(1311);
selected visits = 73, mean = -0.746, det = 5, simPerDet = 36. #1 switchActive(1311) (visits= 73, mean = -0.746);
#2 switchActive(1404) (visits= 54, mean = -0.580);
#3 playCard(312010) (visits= 21, mean = -1.949)[22: 42: 17] Pause snapshot: round = 1, turn = 0, phase = action, resumable = true[22: 42: 39] Pause snapshot: round = 1, turn = 1, phase = action, resumable = true[22: 42: 40] AI action request: 8 legal actions[22: 42: 42] AI chose switchActive(1404) with[8].ISMCTS selected switchActive(1404);
selected visits = 76, mean = -1.005, det = 5, simPerDet = 36. #1 switchActive(1404) (visits= 76, mean = -1.005);
#2 switchActive(2304) (visits= 67, mean = -2.173);
#3 playCard(312010) (visits= 13, mean = -5.711)[22: 42: 42] Pause snapshot: round = 1, turn = 0, phase = action, resumable = true[22: 42: 45] Pause snapshot: round = 1, turn = 0, phase = action, resumable = true[22: 42: 47] Pause snapshot: round = 1, turn = 1, phase = action, resumable = true[22: 42: 47] AI action request: 8 legal actions[22: 42: 50] AI chose playCard(312010) with[8, 8, 8].ISMCTS selected playCard(312010);
selected visits = 133, mean = -0.705, det = 5, simPerDet = 36. #1 playCard(312010) (visits= 133, mean = -0.705);
#2 playCard(312010) (visits= 26, mean = -1.507);
#3 playCard(312010) (visits= 9, mean = -1.616)[22: 42: 50] Pause snapshot: round = 1, turn = 1, phase = action, resumable = true[22: 42: 50] Pause snapshot: round = 1, turn = 1, phase = action, resumable = false[22: 42: 50] Pause snapshot: round = 1, turn = 1, phase = action, resumable = false[22: 42: 50] AI action request: 3 legal actions[22: 42: 52] AI chose switchActive(1311) with[4].ISMCTS selected switchActive(1311);
selected visits = 102, mean = -3.292, det = 5, simPerDet = 36. #1 switchActive(1311) (visits= 102, mean = -3.292);
#2 switchActive(2304) (visits= 78, mean = -3.130)[22: 42: 52] Pause snapshot: round = 1, turn = 0, phase = action, resumable = true[22: 42: 52] Pause snapshot: round = 1, turn = 1, phase = action, resumable = true[22: 42: 52] AI action request: 3 legal actions[22: 42: 54] AI chose switchActive(1404) with[4].ISMCTS selected switchActive(1404);
selected visits = 92, mean = -0.070, det = 5, simPerDet = 36. #1 switchActive(1404) (visits= 92, mean = -0.070);
#2 switchActive(2304) (visits= 88, mean = -0.409)[22: 42: 54] Pause snapshot: round = 1, turn = 0, phase = action, resumable = true[22: 42: 54] Pause snapshot: round = 1, turn = 1, phase = action, resumable = true[22: 42: 54] AI action request: 1 legal actions[22: 42: 54] AI chose declareEnd with[].ISMCTS selected declareEnd;
selected visits = 0, mean = 0.000, det = 5, simPerDet = 0. #1 declareEnd (visits= 0, mean = 0.000)[22: 42: 54] Pause snapshot: round = 2, turn = 0, phase = action, resumable = true[22: 43: 20] Pause snapshot: round = 2, turn = 0, phase = action, resumable = true[22: 43: 28] Pause snapshot: round = 2, turn = 0, phase = action, resumable = true[22: 43: 30] Pause snapshot: round = 2, turn = 1, phase = action, resumable = true[22: 43: 30] Pause snapshot: round = 2, turn = 1, phase = action, resumable = false[22: 43: 30] Pause snapshot: round = 2, turn = 1, phase = action, resumable = false[22: 43: 30] AI action request: 9 legal actions[22: 43: 33] AI chose elementalTuning(-500043) with[7].ISMCTS selected elementalTuning(-500043);
selected visits = 119, mean = 0.684, det = 5, simPerDet = 36. #1 elementalTuning(-500043) (visits= 119, mean = 0.684);
#2 playCard(321011) (visits= 16, mean = 0.312);
#3 elementalTuning(-500042) (visits= 14, mean = -0.182)[22: 43: 33] Pause snapshot: round = 2, turn = 1, phase = action, resumable = true[22: 43: 33] AI action request: 7 legal actions[22: 43: 35] AI chose playCard(321011) with[].ISMCTS selected playCard(321011);
selected visits = 104, mean = -0.099, det = 5, simPerDet = 36. #1 playCard(321011) (visits= 104, mean = -0.099);
#2 elementalTuning(-500042) (visits= 52, mean = 0.052);
#3 switchActive(2304) (visits= 19, mean = -0.728)[22: 43: 35] Pause snapshot: round = 2, turn = 1, phase = action, resumable = true[22: 43: 35] AI action request: 5 legal actions[22: 43: 37] AI chose switchActive(2304) with[6].ISMCTS selected switchActive(2304);
selected visits = 134, mean = -0.580, det = 5, simPerDet = 36. #1 switchActive(2304) (visits= 134, mean = -0.580);
#2 switchActive(1311) (visits= 46, mean = -1.920)[22: 43: 37] Pause snapshot: round = 2, turn = 0, phase = action, resumable = true[22: 43: 42] Pause snapshot: round = 2, turn = 1, phase = action, resumable = true[22: 43: 42] AI action request: 4 legal actions[22: 43: 44] AI chose switchActive(1311) with[1].ISMCTS selected switchActive(1311);
selected visits = 124, mean = -2.981, det = 5, simPerDet = 36. #1 switchActive(1311) (visits= 124, mean = -2.981);
#2 switchActive(1404) (visits= 56, mean = -2.618)[22: 43: 44] Pause snapshot: round = 2, turn = 0, phase = action, resumable = true[22: 43: 47] Pause snapshot: round = 2, turn = 0, phase = action, resumable = true[22: 43: 50] Pause snapshot: round = 2, turn = 0, phase = action, resumable = true[22: 43: 52] Pause snapshot: round = 2, turn = 1, phase = action, resumable = true[22: 43: 52] AI action request: 4 legal actions[22: 43: 54] AI chose switchActive(1404) with[2].ISMCTS selected switchActive(1404);
selected visits = 136, mean = -4.398, det = 5, simPerDet = 36. #1 switchActive(1404) (visits= 136, mean = -4.398);
#2 switchActive(2304) (visits= 44, mean = -6.163)[22: 43: 54] Pause snapshot: round = 2, turn = 0, phase = action, resumable = true[22: 43: 58] Pause snapshot: round = 2, turn = 1, phase = action, resumable = true[22: 43: 59] AI action request: 5 legal actions[22: 44: 00] AI chose switchActive(1311) with[2].ISMCTS selected switchActive(1311);
selected visits = 118, mean = -6.798, det = 5, simPerDet = 36. #1 switchActive(1311) (visits= 118, mean = -6.798);
#2 switchActive(2304) (visits= 62, mean = -7.364)[22: 44: 00] Pause snapshot: round = 2, turn = 0, phase = action, resumable = true[22: 44: 00] Pause snapshot: round = 2, turn = 1, phase = action, resumable = true[22: 44: 01] AI action request: 4 legal actions[22: 44: 03] AI chose switchActive(1404) with[3].ISMCTS selected switchActive(1404);
selected visits = 167, mean = -5.585, det = 5, simPerDet = 36. #1 switchActive(1404) (visits= 167, mean = -5.585);
#2 switchActive(2304) (visits= 13, mean = -8.712)[22: 44: 03] Pause snapshot: round = 2, turn = 0, phase = action, resumable = true[22: 44: 03] Pause snapshot: round = 2, turn = 1, phase = action, resumable = true[22: 44: 03] AI action request: 5 legal actions[22: 44: 04] AI chose switchActive(2304) with[4].ISMCTS selected switchActive(2304);
selected visits = 102, mean = -9.069, det = 5, simPerDet = 36. #1 switchActive(2304) (visits= 102, mean = -9.069);
#2 switchActive(1311) (visits= 78, mean = -9.125)[22: 44: 04] Pause snapshot: round = 2, turn = 0, phase = action, resumable = true[22: 44: 04] Pause snapshot: round = 2, turn = 1, phase = action, resumable = true[22: 44: 05] AI action request: 4 legal actions[22: 44: 07] AI chose switchActive(1404) with[4].ISMCTS selected switchActive(1404);
selected visits = 103, mean = -7.124, det = 5, simPerDet = 36. #1 switchActive(1404) (visits= 103, mean = -7.124);
#2 switchActive(1311) (visits= 77, mean = -7.819)[22: 44: 07] Pause snapshot: round = 2, turn = 0, phase = action, resumable = true[22: 44: 07] Pause snapshot: round = 2, turn = 1, phase = action, resumable = true[22: 44: 07] AI action request: 5 legal actions[22: 44: 09] AI chose switchActive(2304) with[4].ISMCTS selected switchActive(2304);
selected visits = 100, mean = -7.876, det = 5, simPerDet = 36. #1 switchActive(2304) (visits= 100, mean = -7.876);
#2 switchActive(1311) (visits= 80, mean = -8.940)[22: 44: 09] Pause snapshot: round = 2, turn = 0, phase = action, resumable = true[22: 44: 09] Pause snapshot: round = 2, turn = 1, phase = action, resumable = true[22: 44: 09] AI action request: 4 legal actions[22: 44: 11] AI chose switchActive(1404) with[4].ISMCTS selected switchActive(1404);
selected visits = 142, mean = -7.077, det = 5, simPerDet = 36. #1 switchActive(1404) (visits= 142, mean = -7.077);
#2 switchActive(1311) (visits= 38, mean = -9.073)[22: 44: 11] Pause snapshot: round = 2, turn = 0, phase = action, resumable = true[22: 44: 11] Pause snapshot: round = 2, turn = 1, phase = action, resumable = true[22: 44: 11] AI action request: 3 legal actions[22: 44: 13] AI chose switchActive(1311) with[4].ISMCTS selected switchActive(1311);
selected visits = 97, mean = -8.042, det = 5, simPerDet = 36. #1 switchActive(1311) (visits= 97, mean = -8.042);
#2 switchActive(2304) (visits= 83, mean = -8.190)[22: 44: 13] Pause snapshot: round = 2, turn = 0, phase = action, resumable = true[22: 44: 13] Pause snapshot: round = 2, turn = 1, phase = action, resumable = true[22: 44: 14] AI action request: 3 legal actions[22: 44: 17] AI chose switchActive(1404) with[8].ISMCTS selected switchActive(1404);
selected visits = 103, mean = -7.741, det = 5, simPerDet = 36. #1 switchActive(1404) (visits= 103, mean = -7.741);
#2 switchActive(2304) (visits= 77, mean = -9.987)[22: 44: 17] Pause snapshot: round = 2, turn = 0, phase = action, resumable = true[22: 44: 17] Pause snapshot: round = 2, turn = 1, phase = action, resumable = true[22: 44: 17] AI action request: 1 legal actions[22: 44: 17] AI chose declareEnd with[].ISMCTS selected declareEnd;
selected visits = 0, mean = 0.000, det = 5, simPerDet = 0. #1 declareEnd (visits= 0, mean = 0.000)[22: 44: 17] Pause snapshot: round = 3, turn = 0, phase = action, resumable = true[22: 44: 33] Pause snapshot: round = 3, turn = 0, phase = action, resumable = true[22: 44: 35] Pause snapshot: round = 3, turn = 1, phase = action, resumable = true[22: 44: 35] AI action request: 13 legal actions[22: 44: 39] AI chose playCard(313002) with[6].ISMCTS selected playCard(313002);
selected visits = 84, mean = -9.955, det = 5, simPerDet = 36. #1 playCard(313002) (visits= 84, mean = -9.955);
#2 playCard(313002) (visits= 45, mean = -11.337);
#3 elementalTuning(-500044) (visits= 14, mean = -12.343)[22: 44: 39] Pause snapshot: round = 3, turn = 1, phase = action, resumable = true[22: 44: 39] AI action request: 10 legal actions[22: 44: 42] AI chose elementalTuning(-500045) with[5].ISMCTS selected elementalTuning(-500045);
selected visits = 167, mean = -10.369, det = 5, simPerDet = 36. #1 elementalTuning(-500045) (visits= 167, mean = -10.369);
#2 switchActive(1311) (visits= 8, mean = -12.836);
#3 switchActive(2304) (visits= 5, mean = -13.886)[22: 44: 42] Pause snapshot: round = 3, turn = 1, phase = action, resumable = true[22: 44: 43] AI action request: 6 legal actions[22: 44: 45] AI chose switchActive(2304) with[2].ISMCTS selected switchActive(2304);
selected visits = 157, mean = -13.908, det = 5, simPerDet = 36. #1 switchActive(2304) (visits= 157, mean = -13.908);
#2 switchActive(1311) (visits= 23, mean = -15.057)[22: 44: 45] Pause snapshot: round = 3, turn = 0, phase = action, resumable = true[22: 44: 51] Pause snapshot: round = 3, turn = 1, phase = action, resumable = true[22: 44: 52] AI action request: 5 legal actions[22: 44: 54] AI chose switchActive(1404) with[7].ISMCTS selected switchActive(1404);
selected visits = 151, mean = -13.497, det = 5, simPerDet = 36. #1 switchActive(1404) (visits= 151, mean = -13.497);
#2 switchActive(1311) (visits= 29, mean = -14.878)[22: 44: 54] Pause snapshot: round = 3, turn = 0, phase = action, resumable = true[22: 45: 01] Pause snapshot: round = 3, turn = 1, phase = action, resumable = true[22: 45: 02] AI action request: 6 legal actions[22: 45: 04] AI chose switchActive(1311) with[7].ISMCTS selected switchActive(1311);
selected visits = 145, mean = -19.492, det = 5, simPerDet = 36. #1 switchActive(1311) (visits= 145, mean = -19.492);
#2 switchActive(2304) (visits= 35, mean = -20.533)[22: 45: 04] Pause snapshot: round = 3, turn = 0, phase = action, resumable = true[22: 45: 08] Pause snapshot: round = 3, turn = 1, phase = action, resumable = true[22: 45: 09] AI action request: 5 legal actions[22: 45: 11] AI chose switchActive(1404) with[4].ISMCTS selected switchActive(1404);
selected visits = 149, mean = -20.267, det = 5, simPerDet = 36. #1 switchActive(1404) (visits= 149, mean = -20.267);
#2 switchActive(2304) (visits= 31, mean = -22.924)[22: 45: 11] Pause snapshot: round = 3, turn = 0, phase = action, resumable = true[22: 45: 38] Pause snapshot: round = 3, turn = 0, phase = action, resumable = true[22: 45: 40] Pause snapshot: round = 3, turn = 0, phase = action, resumable = true[22: 45: 47] Pause snapshot: round = 3, turn = 0, phase = action, resumable = true[22: 45: 48] Pause snapshot: round = 3, turn = 1, phase = action, resumable = true[22: 45: 48] AI action request: 6 legal actions[22: 45: 50] AI chose switchActive(1311) with[4].ISMCTS selected switchActive(1311);
selected visits = 92, mean = -18.950, det = 5, simPerDet = 36. #1 switchActive(1311) (visits= 92, mean = -18.950);
#2 switchActive(2304) (visits= 88, mean = -19.354)[22: 45: 50] Pause snapshot: round = 3, turn = 0, phase = action, resumable = true[22: 45: 58] Pause snapshot: round = 3, turn = 0, phase = action, resumable = true[22: 46: 01] Pause snapshot: round = 3, turn = 1, phase = action, resumable = true[22: 46: 01] AI action request: 5 legal actions[22: 46: 04] AI chose switchActive(1404) with[8].ISMCTS selected switchActive(1404);
selected visits = 161, mean = -16.931, det = 5, simPerDet = 36. #1 switchActive(1404) (visits= 161, mean = -16.931);
#2 switchActive(2304) (visits= 19, mean = -19.539)[22: 46: 04] Pause snapshot: round = 3, turn = 0, phase = action, resumable = true[22: 46: 06] Pause snapshot: round = 3, turn = 1, phase = action, resumable = true[22: 46: 06] AI action request: 4 legal actions[22: 46: 06] AI chose declareEnd with[].ISMCTS selected declareEnd;
selected visits = 0, mean = 0.000, det = 5, simPerDet = 0. #1 declareEnd (visits= 0, mean = 0.000)[22: 46: 06] Pause snapshot: round = 4, turn = 0, phase = action, resumable = true[22: 46: 22] Pause snapshot: round = 4, turn = 1, phase = action, resumable = true[22: 46: 23] AI action request: 8 legal actions[22: 46: 25] AI chose playCard(332004) with[2].ISMCTS selected playCard(332004);
selected visits = 53, mean = -401.856, det = 5, simPerDet = 36. #1 playCard(332004) (visits= 53, mean = -401.856);
#2 playCard(333009) (visits= 44, mean = -25.305);
#3 elementalTuning(-500046) (visits= 43, mean = -256.885)[22: 46: 25] Pause snapshot: round = 4, turn = 1, phase = action, resumable = true[22: 46: 26] AI action request: 10 legal actions[22: 46: 28] AI chose playCard(332032) with[8, 6, 6].ISMCTS selected playCard(332032);
selected visits = 79, mean = -529.251, det = 5, simPerDet = 36. #1 playCard(332032) (visits= 79, mean = -529.251);
#2 elementalTuning(-500047) (visits= 29, mean = -714.755);
#3 playCard(333009) (visits= 28, mean = -25.358)[22: 46: 28] Pause snapshot: round = 4, turn = 1, phase = action, resumable = true[22: 46: 28] AI action request: 10 legal actions[22: 46: 30] AI chose playCard(332032) with[8, 8, 8].ISMCTS selected playCard(332032);
selected visits = 96, mean = -437.896, det = 5, simPerDet = 36. #1 playCard(332032) (visits= 96, mean = -437.896);
#2 playCard(333009) (visits= 51, mean = -24.733);
#3 playCard(333009) (visits= 33, mean = -24.303)[22: 46: 30] Pause snapshot: round = 4, turn = 1, phase = action, resumable = true[22: 46: 31] AI action request: 12 legal actions[22: 46: 33] AI chose playCard(333009) with[8, 8].ISMCTS selected playCard(333009);
selected visits = 63, mean = -22.531, det = 5, simPerDet = 36. #1 playCard(333009) (visits= 63, mean = -22.531);
#2 playCard(333009) (visits= 60, mean = -22.624);
#3 playCard(331301) (visits= 57, mean = -548.696)[22: 46: 33] Pause snapshot: round = 4, turn = 1, phase = action, resumable = true[22: 46: 34] AI action request: 6 legal actions[22: 46: 36] AI chose playCard(331301) with[].ISMCTS selected playCard(331301);
selected visits = 180, mean = -130.698, det = 5, simPerDet = 36. #1 playCard(331301) (visits= 180, mean = -130.698)[22: 46: 36] Pause snapshot: round = 4, turn = 1, phase = action, resumable = true[22: 46: 36] AI action request: 10 legal actions[22: 46: 39] AI chose playCard(322003) with[8, 3].ISMCTS selected playCard(322003);
selected visits = 119, mean = -354.907, det = 5, simPerDet = 36. #1 playCard(322003) (visits= 119, mean = -354.907);
#2 switchActive(1404) (visits= 46, mean = -19.160);
#3 playCard(313002) (visits= 5, mean = -23.327)[22: 46: 39] Pause snapshot: round = 4, turn = 1, phase = action, resumable = true[22: 46: 39] AI action request: 7 legal actions[22: 46: 40] AI chose playCard(312009) with[].ISMCTS selected playCard(312009);
selected visits = 0, mean = 0.000, det = 5, simPerDet = 36. #1 playCard(312009) (visits= 0, mean = 0.000);
#2 playCard(312026) (visits= 0, mean = 0.000);
#3 playCard(312009) (visits= 0, mean = 0.000)[22: 46: 40] Pause snapshot: round = 4, turn = 1, phase = action, resumable = true[22: 46: 41] AI action request: 1 legal actions[22: 46: 41] AI chose declareEnd with[].ISMCTS selected declareEnd;
selected visits = 0, mean = 0.000, det = 5, simPerDet = 0. #1 declareEnd (visits= 0, mean = 0.000)[22: 46: 41] Pause snapshot: round = 4, turn = 0, phase = action, resumable = true[22: 46: 49] Pause snapshot: round = 4, turn = 0, phase = action, resumable = true[22: 46: 53] Pause snapshot: round = 4, turn = 0, phase = action, resumable = true[22: 46: 54] Pause snapshot: round = 4, turn = 1, phase = action, resumable = true[22: 46: 54] Pause snapshot: round = 4, turn = 0, phase = action, resumable = true[22: 46: 57] Pause snapshot: round = 4, turn = 0, phase = action, resumable = true[22: 47: 00] Pause snapshot: round = 4, turn = 1, phase = gameEnd, resumable = true[22: 47: 00] Game finished: winner = 0